<?xml version="1.0" encoding="UTF-8"?>
<testsuite xmlns:xsi="http://www.w3.org/2001/XMLSchema-instance" xsi:noNamespaceSchemaLocation="https://maven.apache.org/surefire/maven-surefire-plugin/xsd/surefire-test-report.xsd" name="ru.netology.domaine.RadioTest" time="0.107" tests="15" errors="0" skipped="0" failures="0">
  <properties>
[...]
</properties>
  <testcase name="shouldUpStationMax" classname="ru.netology.domaine.RadioTest" time="0.041"/>
  <testcase name="shouldMaxVolume" classname="ru.netology.domaine.RadioTest" time="0.002"/>
  <testcase name="shouldDownStation" classname="ru.netology.domaine.RadioTest" time="0.001"/>
  <testcase name="shouldMinVolume" classname="ru.netology.domaine.RadioTest" time="0.002"/>
  <testcase name="shouldUpStation" classname="ru.netology.domaine.RadioTest" time="0.002"/>
  <testcase name="shouldCurrentStation" classname="ru.netology.domaine.RadioTest" time="0"/>
  <testcase name="shouldUpVolume" classname="ru.netology.domaine.RadioTest" time="0.004"/>
  <testcase name="shouldCurrentStationMax" classname="ru.netology.domaine.RadioTest" time="0"/>
  <testcase name="shouldCurrentStationMin" classname="ru.netology.domaine.RadioTest" time="0"/>
  <testcase name="shouldUpVolumeMax" classname="ru.netology.domaine.RadioTest" time="0.001"/>
  <testcase name="shouldDownVolume" classname="ru.netology.domaine.RadioTest" time="0"/>
  <testcase name="shouldMinStation" classname="ru.netology.domaine.RadioTest" time="0.002"/>
  <testcase name="shouldDownVolumeMin" classname="ru.netology.domaine.RadioTest" time="0"/>
  <testcase name="shouldDownStationMin" classname="ru.netology.domaine.RadioTest" time="0.001"/>
  <testcase name="shouldMaxStation" classname="ru.netology.domaine.RadioTest" time="0.001"/>
</testsuite>